making aerosol injection file
making chamber flow file
making OH file
Traceback (most recent call last):
  File "runme_multi.py", line 244, in <module>
    dates = dt.datetime.strptime(spl_line[0],'%Y-%m-%d %H:%M:%S')
  File "/home/samuelod/anaconda3/lib/python3.7/_strptime.py", line 577, in _strptime_datetime
    tt, fraction, gmtoff_fraction = _strptime(data_string, format)
  File "/home/samuelod/anaconda3/lib/python3.7/_strptime.py", line 399, in _strptime
    elif group_key == 'B':
KeyboardInterrupt
Submitted batch job 288992
Submitted batch job 288993
Submitted batch job 288994
Submitted batch job 288995
Submitted batch job 288996
Submitted batch job 288997
Submitted batch job 288998
Submitted batch job 288999
Submitted batch job 289000
Submitted batch job 289001
Submitted batch job 289002
Submitted batch job 289003
Submitted batch job 289004
Submitted batch job 289005
Submitted batch job 289006
Submitted batch job 289007
Submitted batch job 289008
Submitted batch job 289009
Submitted batch job 289012
Submitted batch job 289016
Submitted batch job 289025
Submitted batch job 289026
Submitted batch job 289028
Submitted batch job 289029
Submitted batch job 289030
Submitted batch job 289031
Submitted batch job 289032
Submitted batch job 289033
Submitted batch job 289034
Submitted batch job 289035
Submitted batch job 289036
Submitted batch job 289037
Submitted batch job 289038
Submitted batch job 289039
Submitted batch job 289040
Submitted batch job 289041
Submitted batch job 289042
Submitted batch job 289043
Submitted batch job 289044
Submitted batch job 289045
Submitted batch job 289046
Submitted batch job 289047
Submitted batch job 289048
Submitted batch job 289049
Submitted batch job 289050
Submitted batch job 289051
Submitted batch job 289052
Submitted batch job 289053
Submitted batch job 289054
Submitted batch job 289055
Submitted batch job 289056
Submitted batch job 289057
Submitted batch job 289058
Submitted batch job 289059
Submitted batch job 289060
Submitted batch job 289061
Submitted batch job 289062
Submitted batch job 289063
Submitted batch job 289064
Submitted batch job 289066
Submitted batch job 289081
Submitted batch job 289082
Submitted batch job 289083
Submitted batch job 289084
Submitted batch job 289085
Submitted batch job 289086
Submitted batch job 289087
Submitted batch job 289088
Submitted batch job 289089
Submitted batch job 289090
Submitted batch job 289091
Submitted batch job 289092
Submitted batch job 289095
Submitted batch job 289096
Submitted batch job 289097
Submitted batch job 289098
Submitted batch job 289099
Submitted batch job 289100
Submitted batch job 289101
Submitted batch job 289102
Submitted batch job 289103
Submitted batch job 289104
Submitted batch job 289105
Submitted batch job 289106
Submitted batch job 289107
Submitted batch job 289108
Submitted batch job 289109
Submitted batch job 289110
Submitted batch job 289111
Submitted batch job 289112
Submitted batch job 289113
Submitted batch job 289114
Submitted batch job 289115
Submitted batch job 289116
Submitted batch job 289117
Submitted batch job 289118
Submitted batch job 289119
Submitted batch job 289129
Submitted batch job 289151
Submitted batch job 289155
Submitted batch job 289156
Submitted batch job 289157
Submitted batch job 289158
Submitted batch job 289159
Submitted batch job 289160
Submitted batch job 289161
Submitted batch job 289162
Submitted batch job 289163
Submitted batch job 289168
Submitted batch job 289182
Submitted batch job 289196
Submitted batch job 289211
Submitted batch job 289216
Submitted batch job 289229
making aerosol injection file
making chamber flow file
making OH file
making temperature and RH files
General information for the following simulations
======================================================
Simulation: 20220801
inbins = 40
COAG = 1
boxvol = 2000000.0 [cm3]
alpha = 1.0
nh3_ppt = [500.0, 5000.0, 15000.0]
YES - 20220801_multi_vwl1_pwl1_nh3500.0_orgfn1_inorg1_db1e-15_ohscale0.5.input exists!
b= ['samuelod', 'samuelod']
njobs= 2
YES - 20220801_multi_vwl1_pwl1_nh3500.0_orgfn1_inorg1_db1e-15_ohscale1.0.input exists!
b= ['samuelod', 'samuelod', 'samuelod']
njobs= 3
YES - 20220801_multi_vwl1_pwl1_nh3500.0_orgfn1_inorg1_db1e-15_ohscale2.0.input exists!
b= ['samuelod', 'samuelod', 'samuelod', 'samuelod']
njobs= 4
YES - 20220801_multi_vwl1_pwl1_nh3500.0_orgfn1_inorg0_db1e-15_ohscale0.5.input exists!
b= ['samuelod', 'samuelod', 'samuelod', 'samuelod', 'samuelod']
njobs= 5
YES - 20220801_multi_vwl1_pwl1_nh3500.0_orgfn1_inorg0_db1e-15_ohscale1.0.input exists!
b= ['samuelod', 'samuelod', 'samuelod', 'samuelod', 'samuelod', 'samuelod']
njobs= 6
YES - 20220801_multi_vwl1_pwl1_nh3500.0_orgfn1_inorg0_db1e-15_ohscale2.0.input exists!
b= ['samuelod', 'samuelod', 'samuelod', 'samuelod', 'samuelod', 'samuelod', 'samuelod']
njobs= 7
YES - 20220801_multi_vwl1_pwl1_nh3500.0_orgfn0_inorg1_db1e-15_ohscale0.5.input exists!
b= ['samuelod', 'samuelod', 'samuelod', 'samuelod', 'samuelod', 'samuelod', 'samuelod', 'samuelod']
njobs= 8
YES - 20220801_multi_vwl1_pwl1_nh3500.0_orgfn0_inorg1_db1e-15_ohscale1.0.input exists!
b= ['samuelod', 'samuelod', 'samuelod', 'samuelod', 'samuelod', 'samuelod', 'samuelod', 'samuelod', 'samuelod']
njobs= 9
YES - 20220801_multi_vwl1_pwl1_nh3500.0_orgfn0_inorg1_db1e-15_ohscale2.0.input exists!
b= ['samuelod', 'samuelod', 'samuelod', 'samuelod', 'samuelod', 'samuelod', 'samuelod', 'samuelod', 'samuelod', 'samuelod']
njobs= 10
YES - 20220801_multi_vwl1_pwl1_nh3500.0_orgfn0_inorg0_db1e-15_ohscale0.5.input exists!
b= ['samuelod', 'samuelod', 'samuelod', 'samuelod', 'samuelod', 'samuelod', 'samuelod', 'samuelod', 'samuelod', 'samuelod', 'samuelod']
njobs= 11
YES - 20220801_multi_vwl1_pwl1_nh3500.0_orgfn0_inorg0_db1e-15_ohscale1.0.input exists!
b= ['samuelod', 'samuelod', 'samuelod', 'samuelod', 'samuelod', 'samuelod', 'samuelod', 'samuelod', 'samuelod', 'samuelod', 'samuelod', 'samuelod']
njobs= 12
YES - 20220801_multi_vwl1_pwl1_nh3500.0_orgfn0_inorg0_db1e-15_ohscale2.0.input exists!
b= ['samuelod', 'samuelod', 'samuelod', 'samuelod', 'samuelod', 'samuelod', 'samuelod', 'samuelod', 'samuelod', 'samuelod', 'samuelod', 'samuelod', 'samuelod']
njobs= 13
YES - 20220801_multi_vwl0_pwl1_nh3500.0_orgfn1_inorg1_db1e-15_ohscale0.5.input exists!
b= ['samuelod', 'samuelod', 'samuelod', 'samuelod', 'samuelod', 'samuelod', 'samuelod', 'samuelod', 'samuelod', 'samuelod', 'samuelod', 'samuelod', 'samuelod', 'samuelod']
njobs= 14
YES - 20220801_multi_vwl0_pwl1_nh3500.0_orgfn1_inorg1_db1e-15_ohscale1.0.input exists!
b= ['samuelod', 'samuelod', 'samuelod', 'samuelod', 'samuelod', 'samuelod', 'samuelod', 'samuelod', 'samuelod', 'samuelod', 'samuelod', 'samuelod', 'samuelod', 'samuelod', 'samuelod']
njobs= 15
YES - 20220801_multi_vwl0_pwl1_nh3500.0_orgfn1_inorg1_db1e-15_ohscale2.0.input exists!
b= ['samuelod', 'samuelod', 'samuelod', 'samuelod', 'samuelod', 'samuelod', 'samuelod', 'samuelod', 'samuelod', 'samuelod', 'samuelod', 'samuelod', 'samuelod', 'samuelod', 'samuelod', 'samuelod']
njobs= 16
YES - 20220801_multi_vwl0_pwl1_nh3500.0_orgfn1_inorg0_db1e-15_ohscale0.5.input exists!
b= ['samuelod', 'samuelod', 'samuelod', 'samuelod', 'samuelod', 'samuelod', 'samuelod', 'samuelod', 'samuelod', 'samuelod', 'samuelod', 'samuelod', 'samuelod', 'samuelod', 'samuelod', 'samuelod', 'samuelod']
njobs= 17
YES - 20220801_multi_vwl0_pwl1_nh3500.0_orgfn1_inorg0_db1e-15_ohscale1.0.input exists!
b= ['samuelod', 'samuelod', 'samuelod', 'samuelod', 'samuelod', 'samuelod', 'samuelod', 'samuelod', 'samuelod', 'samuelod', 'samuelod', 'samuelod', 'samuelod', 'samuelod', 'samuelod', 'samuelod', 'samuelod', 'samuelod']
njobs= 18
YES - 20220801_multi_vwl0_pwl1_nh3500.0_orgfn1_inorg0_db1e-15_ohscale2.0.input exists!
b= ['samuelod', 'samuelod', 'samuelod', 'samuelod', 'samuelod', 'samuelod', 'samuelod', 'samuelod', 'samuelod', 'samuelod', 'samuelod', 'samuelod', 'samuelod', 'samuelod', 'samuelod', 'samuelod', 'samuelod', 'samuelod', 'samuelod']
njobs= 19
YES - 20220801_multi_vwl0_pwl1_nh3500.0_orgfn0_inorg1_db1e-15_ohscale0.5.input exists!
b= ['samuelod', 'samuelod', 'samuelod', 'samuelod', 'samuelod', 'samuelod', 'samuelod', 'samuelod', 'samuelod', 'samuelod', 'samuelod', 'samuelod', 'samuelod', 'samuelod', 'samuelod', 'samuelod', 'samuelod', 'samuelod', 'samuelod', 'samuelod']
njobs= 20
YES - 20220801_multi_vwl0_pwl1_nh3500.0_orgfn0_inorg1_db1e-15_ohscale1.0.input exists!
b= ['samuelod', 'samuelod', 'samuelod', 'samuelod', 'samuelod', 'samuelod', 'samuelod', 'samuelod', 'samuelod', 'samuelod', 'samuelod', 'samuelod', 'samuelod', 'samuelod', 'samuelod', 'samuelod', 'samuelod', 'samuelod', 'samuelod', 'samuelod', 'samuelod']
njobs= 21
YES - 20220801_multi_vwl0_pwl1_nh3500.0_orgfn0_inorg1_db1e-15_ohscale2.0.input exists!
b= ['samuelod', 'samuelod', 'samuelod', 'samuelod', 'samuelod', 'samuelod', 'samuelod', 'samuelod', 'samuelod', 'samuelod', 'samuelod', 'samuelod', 'samuelod', 'samuelod', 'samuelod', 'samuelod', 'samuelod', 'samuelod', 'samuelod', 'samuelod', 'samuelod', 'samuelod']
njobs= 22
YES - 20220801_multi_vwl0_pwl1_nh3500.0_orgfn0_inorg0_db1e-15_ohscale0.5.input exists!
b= ['samuelod', 'samuelod', 'samuelod', 'samuelod', 'samuelod']
njobs= 5
YES - 20220801_multi_vwl0_pwl1_nh3500.0_orgfn0_inorg0_db1e-15_ohscale1.0.input exists!
b= ['samuelod', 'samuelod', 'samuelod', 'samuelod', 'samuelod', 'samuelod']
njobs= 6
YES - 20220801_multi_vwl0_pwl1_nh3500.0_orgfn0_inorg0_db1e-15_ohscale2.0.input exists!
b= ['samuelod', 'samuelod', 'samuelod', 'samuelod', 'samuelod', 'samuelod', 'samuelod']
njobs= 7
YES - 20220801_multi_vwl1_pwl0_nh3500.0_orgfn1_inorg1_db1e-15_ohscale0.5.input exists!
b= ['samuelod', 'samuelod', 'samuelod', 'samuelod', 'samuelod', 'samuelod', 'samuelod', 'samuelod']
njobs= 8
YES - 20220801_multi_vwl1_pwl0_nh3500.0_orgfn1_inorg1_db1e-15_ohscale1.0.input exists!
b= ['samuelod', 'samuelod', 'samuelod', 'samuelod', 'samuelod', 'samuelod', 'samuelod', 'samuelod', 'samuelod']
njobs= 9
YES - 20220801_multi_vwl1_pwl0_nh3500.0_orgfn1_inorg1_db1e-15_ohscale2.0.input exists!
b= ['samuelod', 'samuelod', 'samuelod', 'samuelod', 'samuelod', 'samuelod', 'samuelod', 'samuelod', 'samuelod', 'samuelod']
njobs= 10
YES - 20220801_multi_vwl1_pwl0_nh3500.0_orgfn1_inorg0_db1e-15_ohscale0.5.input exists!
b= ['samuelod', 'samuelod', 'samuelod', 'samuelod', 'samuelod', 'samuelod', 'samuelod', 'samuelod', 'samuelod', 'samuelod', 'samuelod']
njobs= 11
YES - 20220801_multi_vwl1_pwl0_nh3500.0_orgfn1_inorg0_db1e-15_ohscale1.0.input exists!
b= ['samuelod', 'samuelod', 'samuelod', 'samuelod', 'samuelod', 'samuelod', 'samuelod', 'samuelod', 'samuelod', 'samuelod', 'samuelod', 'samuelod']
njobs= 12
YES - 20220801_multi_vwl1_pwl0_nh3500.0_orgfn1_inorg0_db1e-15_ohscale2.0.input exists!
b= ['samuelod', 'samuelod', 'samuelod', 'samuelod', 'samuelod', 'samuelod', 'samuelod', 'samuelod', 'samuelod', 'samuelod', 'samuelod', 'samuelod', 'samuelod']
njobs= 13
YES - 20220801_multi_vwl1_pwl0_nh3500.0_orgfn0_inorg1_db1e-15_ohscale0.5.input exists!
b= ['samuelod', 'samuelod', 'samuelod', 'samuelod', 'samuelod', 'samuelod', 'samuelod', 'samuelod', 'samuelod', 'samuelod', 'samuelod', 'samuelod', 'samuelod', 'samuelod']
njobs= 14
YES - 20220801_multi_vwl1_pwl0_nh3500.0_orgfn0_inorg1_db1e-15_ohscale1.0.input exists!
b= ['samuelod', 'samuelod', 'samuelod', 'samuelod', 'samuelod', 'samuelod', 'samuelod', 'samuelod', 'samuelod', 'samuelod', 'samuelod', 'samuelod', 'samuelod', 'samuelod', 'samuelod']
njobs= 15
YES - 20220801_multi_vwl1_pwl0_nh3500.0_orgfn0_inorg1_db1e-15_ohscale2.0.input exists!
b= ['samuelod', 'samuelod', 'samuelod', 'samuelod', 'samuelod', 'samuelod', 'samuelod', 'samuelod', 'samuelod', 'samuelod', 'samuelod', 'samuelod', 'samuelod', 'samuelod', 'samuelod', 'samuelod']
njobs= 16
YES - 20220801_multi_vwl1_pwl0_nh3500.0_orgfn0_inorg0_db1e-15_ohscale0.5.input exists!
b= ['samuelod', 'samuelod', 'samuelod', 'samuelod', 'samuelod', 'samuelod', 'samuelod', 'samuelod', 'samuelod', 'samuelod', 'samuelod', 'samuelod', 'samuelod', 'samuelod', 'samuelod', 'samuelod', 'samuelod']
njobs= 17
YES - 20220801_multi_vwl1_pwl0_nh3500.0_orgfn0_inorg0_db1e-15_ohscale1.0.input exists!
b= ['samuelod', 'samuelod', 'samuelod', 'samuelod', 'samuelod', 'samuelod', 'samuelod', 'samuelod', 'samuelod', 'samuelod', 'samuelod', 'samuelod', 'samuelod', 'samuelod', 'samuelod', 'samuelod', 'samuelod', 'samuelod']
njobs= 18
YES - 20220801_multi_vwl1_pwl0_nh3500.0_orgfn0_inorg0_db1e-15_ohscale2.0.input exists!
b= ['samuelod', 'samuelod', 'samuelod', 'samuelod', 'samuelod', 'samuelod', 'samuelod', 'samuelod', 'samuelod', 'samuelod', 'samuelod', 'samuelod', 'samuelod', 'samuelod', 'samuelod', 'samuelod', 'samuelod', 'samuelod', 'samuelod']
njobs= 19
YES - 20220801_multi_vwl0_pwl0_nh3500.0_orgfn1_inorg1_db1e-15_ohscale0.5.input exists!
b= ['samuelod', 'samuelod', 'samuelod', 'samuelod', 'samuelod', 'samuelod', 'samuelod', 'samuelod', 'samuelod', 'samuelod', 'samuelod', 'samuelod', 'samuelod', 'samuelod', 'samuelod', 'samuelod', 'samuelod', 'samuelod', 'samuelod', 'samuelod']
njobs= 20
YES - 20220801_multi_vwl0_pwl0_nh3500.0_orgfn1_inorg1_db1e-15_ohscale1.0.input exists!
b= ['samuelod', 'samuelod', 'samuelod', 'samuelod', 'samuelod', 'samuelod', 'samuelod', 'samuelod', 'samuelod', 'samuelod', 'samuelod', 'samuelod', 'samuelod', 'samuelod', 'samuelod', 'samuelod', 'samuelod', 'samuelod', 'samuelod', 'samuelod']
njobs= 20
YES - 20220801_multi_vwl0_pwl0_nh3500.0_orgfn1_inorg1_db1e-15_ohscale2.0.input exists!
b= ['samuelod', 'samuelod', 'samuelod', 'samuelod', 'samuelod', 'samuelod', 'samuelod', 'samuelod', 'samuelod', 'samuelod', 'samuelod', 'samuelod', 'samuelod', 'samuelod', 'samuelod', 'samuelod', 'samuelod', 'samuelod', 'samuelod', 'samuelod']
njobs= 20
YES - 20220801_multi_vwl0_pwl0_nh3500.0_orgfn1_inorg0_db1e-15_ohscale0.5.input exists!
b= ['samuelod', 'samuelod', 'samuelod', 'samuelod', 'samuelod', 'samuelod', 'samuelod', 'samuelod', 'samuelod', 'samuelod', 'samuelod', 'samuelod', 'samuelod', 'samuelod', 'samuelod', 'samuelod', 'samuelod', 'samuelod', 'samuelod', 'samuelod', 'samuelod']
njobs= 21
YES - 20220801_multi_vwl0_pwl0_nh3500.0_orgfn1_inorg0_db1e-15_ohscale1.0.input exists!
b= ['samuelod', 'samuelod', 'samuelod', 'samuelod', 'samuelod', 'samuelod', 'samuelod', 'samuelod', 'samuelod', 'samuelod', 'samuelod', 'samuelod', 'samuelod', 'samuelod', 'samuelod', 'samuelod', 'samuelod', 'samuelod', 'samuelod', 'samuelod', 'samuelod', 'samuelod']
njobs= 22
YES - 20220801_multi_vwl0_pwl0_nh3500.0_orgfn1_inorg0_db1e-15_ohscale2.0.input exists!
b= ['samuelod', 'samuelod', 'samuelod', 'samuelod', 'samuelod', 'samuelod', 'samuelod']
njobs= 7
YES - 20220801_multi_vwl0_pwl0_nh3500.0_orgfn0_inorg1_db1e-15_ohscale0.5.input exists!
b= ['samuelod', 'samuelod', 'samuelod', 'samuelod', 'samuelod', 'samuelod', 'samuelod', 'samuelod']
njobs= 8
YES - 20220801_multi_vwl0_pwl0_nh3500.0_orgfn0_inorg1_db1e-15_ohscale1.0.input exists!
b= ['samuelod', 'samuelod', 'samuelod', 'samuelod', 'samuelod', 'samuelod', 'samuelod', 'samuelod', 'samuelod']
njobs= 9
YES - 20220801_multi_vwl0_pwl0_nh3500.0_orgfn0_inorg1_db1e-15_ohscale2.0.input exists!
b= ['samuelod', 'samuelod', 'samuelod', 'samuelod', 'samuelod', 'samuelod', 'samuelod', 'samuelod', 'samuelod', 'samuelod']
njobs= 10
YES - 20220801_multi_vwl0_pwl0_nh3500.0_orgfn0_inorg0_db1e-15_ohscale0.5.input exists!
b= ['samuelod', 'samuelod', 'samuelod', 'samuelod', 'samuelod', 'samuelod', 'samuelod', 'samuelod', 'samuelod', 'samuelod', 'samuelod']
njobs= 11
YES - 20220801_multi_vwl0_pwl0_nh3500.0_orgfn0_inorg0_db1e-15_ohscale1.0.input exists!
b= ['samuelod', 'samuelod', 'samuelod', 'samuelod', 'samuelod', 'samuelod', 'samuelod', 'samuelod', 'samuelod', 'samuelod', 'samuelod', 'samuelod']
njobs= 12
YES - 20220801_multi_vwl0_pwl0_nh3500.0_orgfn0_inorg0_db1e-15_ohscale2.0.input exists!
b= ['samuelod', 'samuelod', 'samuelod', 'samuelod', 'samuelod', 'samuelod', 'samuelod', 'samuelod', 'samuelod', 'samuelod', 'samuelod', 'samuelod', 'samuelod']
njobs= 13
YES - 20220801_multi_vwl1_pwl1_nh35000.0_orgfn1_inorg1_db1e-15_ohscale0.5.input exists!
b= ['samuelod', 'samuelod', 'samuelod', 'samuelod', 'samuelod', 'samuelod', 'samuelod', 'samuelod', 'samuelod', 'samuelod', 'samuelod', 'samuelod', 'samuelod', 'samuelod']
njobs= 14
YES - 20220801_multi_vwl1_pwl1_nh35000.0_orgfn1_inorg1_db1e-15_ohscale1.0.input exists!
b= ['samuelod', 'samuelod', 'samuelod', 'samuelod', 'samuelod', 'samuelod', 'samuelod', 'samuelod', 'samuelod', 'samuelod', 'samuelod', 'samuelod', 'samuelod', 'samuelod', 'samuelod']
njobs= 15
YES - 20220801_multi_vwl1_pwl1_nh35000.0_orgfn1_inorg1_db1e-15_ohscale2.0.input exists!
b= ['samuelod', 'samuelod', 'samuelod', 'samuelod', 'samuelod', 'samuelod', 'samuelod', 'samuelod', 'samuelod', 'samuelod', 'samuelod', 'samuelod', 'samuelod', 'samuelod', 'samuelod', 'samuelod']
njobs= 16
YES - 20220801_multi_vwl1_pwl1_nh35000.0_orgfn1_inorg0_db1e-15_ohscale0.5.input exists!
b= ['samuelod', 'samuelod', 'samuelod', 'samuelod', 'samuelod', 'samuelod', 'samuelod', 'samuelod', 'samuelod', 'samuelod', 'samuelod', 'samuelod', 'samuelod', 'samuelod', 'samuelod', 'samuelod', 'samuelod']
njobs= 17
YES - 20220801_multi_vwl1_pwl1_nh35000.0_orgfn1_inorg0_db1e-15_ohscale1.0.input exists!
b= ['samuelod', 'samuelod', 'samuelod', 'samuelod', 'samuelod', 'samuelod', 'samuelod', 'samuelod', 'samuelod', 'samuelod', 'samuelod', 'samuelod', 'samuelod', 'samuelod', 'samuelod', 'samuelod', 'samuelod', 'samuelod']
njobs= 18
YES - 20220801_multi_vwl1_pwl1_nh35000.0_orgfn1_inorg0_db1e-15_ohscale2.0.input exists!
b= ['samuelod', 'samuelod', 'samuelod', 'samuelod', 'samuelod', 'samuelod', 'samuelod', 'samuelod', 'samuelod', 'samuelod', 'samuelod', 'samuelod', 'samuelod', 'samuelod', 'samuelod', 'samuelod', 'samuelod', 'samuelod', 'samuelod']
njobs= 19
YES - 20220801_multi_vwl1_pwl1_nh35000.0_orgfn0_inorg1_db1e-15_ohscale0.5.input exists!
b= ['samuelod', 'samuelod', 'samuelod', 'samuelod', 'samuelod', 'samuelod', 'samuelod', 'samuelod', 'samuelod', 'samuelod', 'samuelod', 'samuelod', 'samuelod', 'samuelod', 'samuelod', 'samuelod', 'samuelod', 'samuelod', 'samuelod', 'samuelod']
njobs= 20
YES - 20220801_multi_vwl1_pwl1_nh35000.0_orgfn0_inorg1_db1e-15_ohscale1.0.input exists!
b= ['samuelod', 'samuelod', 'samuelod', 'samuelod', 'samuelod', 'samuelod', 'samuelod', 'samuelod', 'samuelod', 'samuelod', 'samuelod', 'samuelod', 'samuelod', 'samuelod', 'samuelod', 'samuelod', 'samuelod', 'samuelod', 'samuelod', 'samuelod']
njobs= 20
YES - 20220801_multi_vwl1_pwl1_nh35000.0_orgfn0_inorg1_db1e-15_ohscale2.0.input exists!
b= ['samuelod', 'samuelod', 'samuelod', 'samuelod', 'samuelod', 'samuelod', 'samuelod', 'samuelod', 'samuelod', 'samuelod', 'samuelod', 'samuelod', 'samuelod', 'samuelod', 'samuelod', 'samuelod', 'samuelod', 'samuelod', 'samuelod', 'samuelod']
njobs= 20
YES - 20220801_multi_vwl1_pwl1_nh35000.0_orgfn0_inorg0_db1e-15_ohscale0.5.input exists!
b= ['samuelod', 'samuelod', 'samuelod', 'samuelod', 'samuelod', 'samuelod', 'samuelod', 'samuelod', 'samuelod', 'samuelod', 'samuelod', 'samuelod', 'samuelod', 'samuelod', 'samuelod', 'samuelod', 'samuelod', 'samuelod', 'samuelod', 'samuelod']
njobs= 20
YES - 20220801_multi_vwl1_pwl1_nh35000.0_orgfn0_inorg0_db1e-15_ohscale1.0.input exists!
b= ['samuelod', 'samuelod', 'samuelod', 'samuelod', 'samuelod', 'samuelod', 'samuelod', 'samuelod', 'samuelod', 'samuelod', 'samuelod', 'samuelod', 'samuelod', 'samuelod', 'samuelod', 'samuelod', 'samuelod', 'samuelod', 'samuelod', 'samuelod']
njobs= 20
YES - 20220801_multi_vwl1_pwl1_nh35000.0_orgfn0_inorg0_db1e-15_ohscale2.0.input exists!
b= ['samuelod', 'samuelod', 'samuelod', 'samuelod', 'samuelod', 'samuelod', 'samuelod', 'samuelod', 'samuelod', 'samuelod', 'samuelod', 'samuelod', 'samuelod', 'samuelod', 'samuelod', 'samuelod', 'samuelod', 'samuelod', 'samuelod', 'samuelod', 'samuelod']
njobs= 21
YES - 20220801_multi_vwl0_pwl1_nh35000.0_orgfn1_inorg1_db1e-15_ohscale0.5.input exists!
b= ['samuelod', 'samuelod', 'samuelod', 'samuelod', 'samuelod', 'samuelod', 'samuelod', 'samuelod', 'samuelod', 'samuelod', 'samuelod', 'samuelod', 'samuelod', 'samuelod', 'samuelod', 'samuelod', 'samuelod', 'samuelod', 'samuelod', 'samuelod', 'samuelod', 'samuelod']
njobs= 22
YES - 20220801_multi_vwl0_pwl1_nh35000.0_orgfn1_inorg1_db1e-15_ohscale1.0.input exists!
b= ['samuelod', 'samuelod', 'samuelod', 'samuelod', 'samuelod', 'samuelod', 'samuelod', 'samuelod', 'samuelod']
njobs= 9
YES - 20220801_multi_vwl0_pwl1_nh35000.0_orgfn1_inorg1_db1e-15_ohscale2.0.input exists!
b= ['samuelod', 'samuelod', 'samuelod', 'samuelod', 'samuelod', 'samuelod', 'samuelod', 'samuelod', 'samuelod', 'samuelod']
njobs= 10
YES - 20220801_multi_vwl0_pwl1_nh35000.0_orgfn1_inorg0_db1e-15_ohscale0.5.input exists!
b= ['samuelod', 'samuelod', 'samuelod', 'samuelod', 'samuelod', 'samuelod', 'samuelod', 'samuelod', 'samuelod', 'samuelod', 'samuelod']
njobs= 11
YES - 20220801_multi_vwl0_pwl1_nh35000.0_orgfn1_inorg0_db1e-15_ohscale1.0.input exists!
b= ['samuelod', 'samuelod', 'samuelod', 'samuelod', 'samuelod', 'samuelod', 'samuelod', 'samuelod', 'samuelod', 'samuelod', 'samuelod', 'samuelod']
njobs= 12
YES - 20220801_multi_vwl0_pwl1_nh35000.0_orgfn1_inorg0_db1e-15_ohscale2.0.input exists!
b= ['samuelod', 'samuelod', 'samuelod', 'samuelod', 'samuelod', 'samuelod', 'samuelod', 'samuelod', 'samuelod', 'samuelod', 'samuelod', 'samuelod', 'samuelod']
njobs= 13
YES - 20220801_multi_vwl0_pwl1_nh35000.0_orgfn0_inorg1_db1e-15_ohscale0.5.input exists!
b= ['samuelod', 'samuelod', 'samuelod', 'samuelod', 'samuelod', 'samuelod', 'samuelod', 'samuelod', 'samuelod', 'samuelod', 'samuelod', 'samuelod', 'samuelod', 'samuelod']
njobs= 14
YES - 20220801_multi_vwl0_pwl1_nh35000.0_orgfn0_inorg1_db1e-15_ohscale1.0.input exists!
b= ['samuelod', 'samuelod', 'samuelod', 'samuelod', 'samuelod', 'samuelod', 'samuelod', 'samuelod', 'samuelod', 'samuelod', 'samuelod', 'samuelod', 'samuelod', 'samuelod', 'samuelod']
njobs= 15
YES - 20220801_multi_vwl0_pwl1_nh35000.0_orgfn0_inorg1_db1e-15_ohscale2.0.input exists!
b= ['samuelod', 'samuelod', 'samuelod', 'samuelod', 'samuelod', 'samuelod', 'samuelod', 'samuelod', 'samuelod', 'samuelod', 'samuelod', 'samuelod', 'samuelod', 'samuelod', 'samuelod', 'samuelod']
njobs= 16
YES - 20220801_multi_vwl0_pwl1_nh35000.0_orgfn0_inorg0_db1e-15_ohscale0.5.input exists!
b= ['samuelod', 'samuelod', 'samuelod', 'samuelod', 'samuelod', 'samuelod', 'samuelod', 'samuelod', 'samuelod', 'samuelod', 'samuelod', 'samuelod', 'samuelod', 'samuelod', 'samuelod', 'samuelod', 'samuelod']
njobs= 17
YES - 20220801_multi_vwl0_pwl1_nh35000.0_orgfn0_inorg0_db1e-15_ohscale1.0.input exists!
b= ['samuelod', 'samuelod', 'samuelod', 'samuelod', 'samuelod', 'samuelod', 'samuelod', 'samuelod', 'samuelod', 'samuelod', 'samuelod', 'samuelod', 'samuelod', 'samuelod', 'samuelod', 'samuelod', 'samuelod', 'samuelod']
njobs= 18
YES - 20220801_multi_vwl0_pwl1_nh35000.0_orgfn0_inorg0_db1e-15_ohscale2.0.input exists!
b= ['samuelod', 'samuelod', 'samuelod', 'samuelod', 'samuelod', 'samuelod', 'samuelod', 'samuelod', 'samuelod', 'samuelod', 'samuelod', 'samuelod', 'samuelod', 'samuelod', 'samuelod', 'samuelod', 'samuelod', 'samuelod', 'samuelod']
njobs= 19
YES - 20220801_multi_vwl1_pwl0_nh35000.0_orgfn1_inorg1_db1e-15_ohscale0.5.input exists!
b= ['samuelod', 'samuelod', 'samuelod', 'samuelod', 'samuelod', 'samuelod', 'samuelod', 'samuelod', 'samuelod', 'samuelod', 'samuelod', 'samuelod', 'samuelod', 'samuelod', 'samuelod', 'samuelod', 'samuelod', 'samuelod', 'samuelod', 'samuelod']
njobs= 20
YES - 20220801_multi_vwl1_pwl0_nh35000.0_orgfn1_inorg1_db1e-15_ohscale1.0.input exists!
b= ['samuelod', 'samuelod', 'samuelod', 'samuelod', 'samuelod', 'samuelod', 'samuelod', 'samuelod', 'samuelod', 'samuelod', 'samuelod', 'samuelod', 'samuelod', 'samuelod', 'samuelod', 'samuelod', 'samuelod', 'samuelod', 'samuelod', 'samuelod']
njobs= 20
YES - 20220801_multi_vwl1_pwl0_nh35000.0_orgfn1_inorg1_db1e-15_ohscale2.0.input exists!
b= ['samuelod', 'samuelod', 'samuelod', 'samuelod', 'samuelod', 'samuelod', 'samuelod', 'samuelod', 'samuelod', 'samuelod', 'samuelod', 'samuelod', 'samuelod', 'samuelod', 'samuelod', 'samuelod', 'samuelod', 'samuelod', 'samuelod', 'samuelod']
njobs= 20
YES - 20220801_multi_vwl1_pwl0_nh35000.0_orgfn1_inorg0_db1e-15_ohscale0.5.input exists!
b= ['samuelod', 'samuelod', 'samuelod', 'samuelod', 'samuelod', 'samuelod', 'samuelod', 'samuelod', 'samuelod', 'samuelod', 'samuelod', 'samuelod', 'samuelod', 'samuelod', 'samuelod', 'samuelod', 'samuelod', 'samuelod', 'samuelod', 'samuelod']
njobs= 20
YES - 20220801_multi_vwl1_pwl0_nh35000.0_orgfn1_inorg0_db1e-15_ohscale1.0.input exists!
b= ['samuelod', 'samuelod', 'samuelod', 'samuelod', 'samuelod', 'samuelod', 'samuelod', 'samuelod', 'samuelod', 'samuelod', 'samuelod', 'samuelod', 'samuelod', 'samuelod', 'samuelod', 'samuelod', 'samuelod', 'samuelod', 'samuelod', 'samuelod']
njobs= 20
YES - 20220801_multi_vwl1_pwl0_nh35000.0_orgfn1_inorg0_db1e-15_ohscale2.0.input exists!
b= ['samuelod', 'samuelod', 'samuelod', 'samuelod', 'samuelod', 'samuelod', 'samuelod', 'samuelod', 'samuelod', 'samuelod', 'samuelod', 'samuelod', 'samuelod', 'samuelod', 'samuelod', 'samuelod', 'samuelod', 'samuelod', 'samuelod', 'samuelod']
njobs= 20
YES - 20220801_multi_vwl1_pwl0_nh35000.0_orgfn0_inorg1_db1e-15_ohscale0.5.input exists!
b= ['samuelod', 'samuelod', 'samuelod', 'samuelod', 'samuelod', 'samuelod', 'samuelod', 'samuelod', 'samuelod', 'samuelod', 'samuelod', 'samuelod', 'samuelod', 'samuelod', 'samuelod', 'samuelod', 'samuelod', 'samuelod', 'samuelod', 'samuelod']
njobs= 20
YES - 20220801_multi_vwl1_pwl0_nh35000.0_orgfn0_inorg1_db1e-15_ohscale1.0.input exists!
b= ['samuelod', 'samuelod', 'samuelod', 'samuelod', 'samuelod', 'samuelod', 'samuelod', 'samuelod', 'samuelod', 'samuelod', 'samuelod', 'samuelod', 'samuelod', 'samuelod', 'samuelod', 'samuelod', 'samuelod', 'samuelod', 'samuelod', 'samuelod', 'samuelod']
njobs= 21
YES - 20220801_multi_vwl1_pwl0_nh35000.0_orgfn0_inorg1_db1e-15_ohscale2.0.input exists!
b= ['samuelod', 'samuelod', 'samuelod', 'samuelod', 'samuelod', 'samuelod', 'samuelod', 'samuelod', 'samuelod', 'samuelod', 'samuelod', 'samuelod', 'samuelod', 'samuelod', 'samuelod', 'samuelod', 'samuelod', 'samuelod', 'samuelod', 'samuelod', 'samuelod', 'samuelod']
njobs= 22
YES - 20220801_multi_vwl1_pwl0_nh35000.0_orgfn0_inorg0_db1e-15_ohscale0.5.input exists!
b= ['samuelod', 'samuelod', 'samuelod', 'samuelod', 'samuelod', 'samuelod', 'samuelod', 'samuelod', 'samuelod', 'samuelod', 'samuelod']
njobs= 11
YES - 20220801_multi_vwl1_pwl0_nh35000.0_orgfn0_inorg0_db1e-15_ohscale1.0.input exists!
b= ['samuelod', 'samuelod', 'samuelod', 'samuelod', 'samuelod', 'samuelod', 'samuelod', 'samuelod', 'samuelod', 'samuelod', 'samuelod', 'samuelod']
njobs= 12
YES - 20220801_multi_vwl1_pwl0_nh35000.0_orgfn0_inorg0_db1e-15_ohscale2.0.input exists!
b= ['samuelod', 'samuelod', 'samuelod', 'samuelod', 'samuelod', 'samuelod', 'samuelod', 'samuelod', 'samuelod', 'samuelod', 'samuelod', 'samuelod', 'samuelod']
njobs= 13
YES - 20220801_multi_vwl0_pwl0_nh35000.0_orgfn1_inorg1_db1e-15_ohscale0.5.input exists!
b= ['samuelod', 'samuelod', 'samuelod', 'samuelod', 'samuelod', 'samuelod', 'samuelod', 'samuelod', 'samuelod', 'samuelod', 'samuelod', 'samuelod', 'samuelod', 'samuelod']
njobs= 14
YES - 20220801_multi_vwl0_pwl0_nh35000.0_orgfn1_inorg1_db1e-15_ohscale1.0.input exists!
b= ['samuelod', 'samuelod', 'samuelod', 'samuelod', 'samuelod', 'samuelod', 'samuelod', 'samuelod', 'samuelod', 'samuelod', 'samuelod', 'samuelod', 'samuelod', 'samuelod', 'samuelod']
njobs= 15
YES - 20220801_multi_vwl0_pwl0_nh35000.0_orgfn1_inorg1_db1e-15_ohscale2.0.input exists!
b= ['samuelod', 'samuelod', 'samuelod', 'samuelod', 'samuelod', 'samuelod', 'samuelod', 'samuelod', 'samuelod', 'samuelod', 'samuelod', 'samuelod', 'samuelod', 'samuelod', 'samuelod', 'samuelod']
njobs= 16
YES - 20220801_multi_vwl0_pwl0_nh35000.0_orgfn1_inorg0_db1e-15_ohscale0.5.input exists!
b= ['samuelod', 'samuelod', 'samuelod', 'samuelod', 'samuelod', 'samuelod', 'samuelod', 'samuelod', 'samuelod', 'samuelod', 'samuelod', 'samuelod', 'samuelod', 'samuelod', 'samuelod', 'samuelod', 'samuelod']
njobs= 17
YES - 20220801_multi_vwl0_pwl0_nh35000.0_orgfn1_inorg0_db1e-15_ohscale1.0.input exists!
b= ['samuelod', 'samuelod', 'samuelod', 'samuelod', 'samuelod', 'samuelod', 'samuelod', 'samuelod', 'samuelod', 'samuelod', 'samuelod', 'samuelod', 'samuelod', 'samuelod', 'samuelod', 'samuelod', 'samuelod', 'samuelod']Submitted batch job 289234
Submitted batch job 289235
Submitted batch job 289249
Submitted batch job 289263
Submitted batch job 289264
Submitted batch job 289265
Submitted batch job 289266
Submitted batch job 289267
Submitted batch job 289268
Submitted batch job 289269
Submitted batch job 289270
Submitted batch job 289283
Submitted batch job 289300
Submitted batch job 289319
Submitted batch job 289334
Submitted batch job 289336
Submitted batch job 289340
Submitted batch job 289342
Submitted batch job 289343
Submitted batch job 289352
Submitted batch job 289361
Submitted batch job 289362
Submitted batch job 289363
Submitted batch job 289364
Submitted batch job 289365
Submitted batch job 289366
Submitted batch job 289367
Submitted batch job 289368
Submitted batch job 289369
Submitted batch job 289370

njobs= 18
YES - 20220801_multi_vwl0_pwl0_nh35000.0_orgfn1_inorg0_db1e-15_ohscale2.0.input exists!
b= ['samuelod', 'samuelod', 'samuelod', 'samuelod', 'samuelod', 'samuelod', 'samuelod', 'samuelod', 'samuelod', 'samuelod', 'samuelod', 'samuelod', 'samuelod', 'samuelod', 'samuelod', 'samuelod', 'samuelod', 'samuelod', 'samuelod']
njobs= 19
YES - 20220801_multi_vwl0_pwl0_nh35000.0_orgfn0_inorg1_db1e-15_ohscale0.5.input exists!
b= ['samuelod', 'samuelod', 'samuelod', 'samuelod', 'samuelod', 'samuelod', 'samuelod', 'samuelod', 'samuelod', 'samuelod', 'samuelod', 'samuelod', 'samuelod', 'samuelod', 'samuelod', 'samuelod', 'samuelod', 'samuelod', 'samuelod', 'samuelod']
njobs= 20
YES - 20220801_multi_vwl0_pwl0_nh35000.0_orgfn0_inorg1_db1e-15_ohscale1.0.input exists!
b= ['samuelod', 'samuelod', 'samuelod', 'samuelod', 'samuelod', 'samuelod', 'samuelod', 'samuelod', 'samuelod', 'samuelod', 'samuelod', 'samuelod', 'samuelod', 'samuelod', 'samuelod', 'samuelod', 'samuelod', 'samuelod', 'samuelod', 'samuelod']
njobs= 20
YES - 20220801_multi_vwl0_pwl0_nh35000.0_orgfn0_inorg1_db1e-15_ohscale2.0.input exists!
b= ['samuelod', 'samuelod', 'samuelod', 'samuelod', 'samuelod', 'samuelod', 'samuelod', 'samuelod', 'samuelod', 'samuelod', 'samuelod', 'samuelod', 'samuelod', 'samuelod', 'samuelod', 'samuelod', 'samuelod', 'samuelod', 'samuelod', 'samuelod']
njobs= 20
YES - 20220801_multi_vwl0_pwl0_nh35000.0_orgfn0_inorg0_db1e-15_ohscale0.5.input exists!
b= ['samuelod', 'samuelod', 'samuelod', 'samuelod', 'samuelod', 'samuelod', 'samuelod', 'samuelod', 'samuelod', 'samuelod', 'samuelod', 'samuelod', 'samuelod', 'samuelod', 'samuelod', 'samuelod', 'samuelod', 'samuelod', 'samuelod', 'samuelod']
njobs= 20
YES - 20220801_multi_vwl0_pwl0_nh35000.0_orgfn0_inorg0_db1e-15_ohscale1.0.input exists!
b= ['samuelod', 'samuelod', 'samuelod', 'samuelod', 'samuelod', 'samuelod', 'samuelod', 'samuelod', 'samuelod', 'samuelod', 'samuelod', 'samuelod', 'samuelod', 'samuelod', 'samuelod', 'samuelod', 'samuelod', 'samuelod', 'samuelod', 'samuelod']
njobs= 20
YES - 20220801_multi_vwl0_pwl0_nh35000.0_orgfn0_inorg0_db1e-15_ohscale2.0.input exists!
b= ['samuelod', 'samuelod', 'samuelod', 'samuelod', 'samuelod', 'samuelod', 'samuelod', 'samuelod', 'samuelod', 'samuelod', 'samuelod', 'samuelod', 'samuelod', 'samuelod', 'samuelod', 'samuelod', 'samuelod', 'samuelod', 'samuelod', 'samuelod']
njobs= 20
YES - 20220801_multi_vwl1_pwl1_nh315000.0_orgfn1_inorg1_db1e-15_ohscale0.5.input exists!
b= ['samuelod', 'samuelod', 'samuelod', 'samuelod', 'samuelod', 'samuelod', 'samuelod', 'samuelod', 'samuelod', 'samuelod', 'samuelod', 'samuelod', 'samuelod', 'samuelod', 'samuelod', 'samuelod', 'samuelod', 'samuelod', 'samuelod', 'samuelod']
njobs= 20
YES - 20220801_multi_vwl1_pwl1_nh315000.0_orgfn1_inorg1_db1e-15_ohscale1.0.input exists!
b= ['samuelod', 'samuelod', 'samuelod', 'samuelod', 'samuelod', 'samuelod', 'samuelod', 'samuelod', 'samuelod', 'samuelod', 'samuelod', 'samuelod', 'samuelod', 'samuelod', 'samuelod', 'samuelod', 'samuelod', 'samuelod', 'samuelod', 'samuelod']
njobs= 20
YES - 20220801_multi_vwl1_pwl1_nh315000.0_orgfn1_inorg1_db1e-15_ohscale2.0.input exists!
b= ['samuelod', 'samuelod', 'samuelod', 'samuelod', 'samuelod', 'samuelod', 'samuelod', 'samuelod', 'samuelod', 'samuelod', 'samuelod', 'samuelod', 'samuelod', 'samuelod', 'samuelod', 'samuelod', 'samuelod', 'samuelod', 'samuelod', 'samuelod']
njobs= 20
YES - 20220801_multi_vwl1_pwl1_nh315000.0_orgfn1_inorg0_db1e-15_ohscale0.5.input exists!
b= ['samuelod', 'samuelod', 'samuelod', 'samuelod', 'samuelod', 'samuelod', 'samuelod', 'samuelod', 'samuelod', 'samuelod', 'samuelod', 'samuelod', 'samuelod', 'samuelod', 'samuelod', 'samuelod', 'samuelod', 'samuelod', 'samuelod', 'samuelod', 'samuelod']
njobs= 21
YES - 20220801_multi_vwl1_pwl1_nh315000.0_orgfn1_inorg0_db1e-15_ohscale1.0.input exists!
b= ['samuelod', 'samuelod', 'samuelod', 'samuelod', 'samuelod', 'samuelod', 'samuelod', 'samuelod', 'samuelod', 'samuelod', 'samuelod', 'samuelod']
njobs= 12
YES - 20220801_multi_vwl1_pwl1_nh315000.0_orgfn1_inorg0_db1e-15_ohscale2.0.input exists!
b= ['samuelod', 'samuelod', 'samuelod', 'samuelod', 'samuelod', 'samuelod', 'samuelod', 'samuelod', 'samuelod', 'samuelod', 'samuelod', 'samuelod', 'samuelod']
njobs= 13
YES - 20220801_multi_vwl1_pwl1_nh315000.0_orgfn0_inorg1_db1e-15_ohscale0.5.input exists!
b= ['samuelod', 'samuelod', 'samuelod', 'samuelod', 'samuelod', 'samuelod', 'samuelod', 'samuelod', 'samuelod', 'samuelod', 'samuelod', 'samuelod', 'samuelod', 'samuelod']
njobs= 14
YES - 20220801_multi_vwl1_pwl1_nh315000.0_orgfn0_inorg1_db1e-15_ohscale1.0.input exists!
b= ['samuelod', 'samuelod', 'samuelod', 'samuelod', 'samuelod', 'samuelod', 'samuelod', 'samuelod', 'samuelod', 'samuelod', 'samuelod', 'samuelod', 'samuelod', 'samuelod', 'samuelod']
njobs= 15
YES - 20220801_multi_vwl1_pwl1_nh315000.0_orgfn0_inorg1_db1e-15_ohscale2.0.input exists!
b= ['samuelod', 'samuelod', 'samuelod', 'samuelod', 'samuelod', 'samuelod', 'samuelod', 'samuelod', 'samuelod', 'samuelod', 'samuelod', 'samuelod', 'samuelod', 'samuelod', 'samuelod', 'samuelod']
njobs= 16
YES - 20220801_multi_vwl1_pwl1_nh315000.0_orgfn0_inorg0_db1e-15_ohscale0.5.input exists!
b= ['samuelod', 'samuelod', 'samuelod', 'samuelod', 'samuelod', 'samuelod', 'samuelod', 'samuelod', 'samuelod', 'samuelod', 'samuelod', 'samuelod', 'samuelod', 'samuelod', 'samuelod', 'samuelod', 'samuelod']
njobs= 17
YES - 20220801_multi_vwl1_pwl1_nh315000.0_orgfn0_inorg0_db1e-15_ohscale1.0.input exists!
b= ['samuelod', 'samuelod', 'samuelod', 'samuelod', 'samuelod', 'samuelod', 'samuelod', 'samuelod', 'samuelod', 'samuelod', 'samuelod', 'samuelod', 'samuelod', 'samuelod', 'samuelod', 'samuelod', 'samuelod', 'samuelod']
njobs= 18
YES - 20220801_multi_vwl1_pwl1_nh315000.0_orgfn0_inorg0_db1e-15_ohscale2.0.input exists!
b= ['samuelod', 'samuelod', 'samuelod', 'samuelod', 'samuelod', 'samuelod', 'samuelod', 'samuelod', 'samuelod', 'samuelod', 'samuelod', 'samuelod', 'samuelod', 'samuelod', 'samuelod', 'samuelod', 'samuelod', 'samuelod', 'samuelod']
njobs= 19
YES - 20220801_multi_vwl0_pwl1_nh315000.0_orgfn1_inorg1_db1e-15_ohscale0.5.input exists!
b= ['samuelod', 'samuelod', 'samuelod', 'samuelod', 'samuelod', 'samuelod', 'samuelod', 'samuelod', 'samuelod', 'samuelod', 'samuelod', 'samuelod', 'samuelod', 'samuelod', 'samuelod', 'samuelod', 'samuelod', 'samuelod', 'samuelod', 'samuelod']
njobs= 20
YES - 20220801_multi_vwl0_pwl1_nh315000.0_orgfn1_inorg1_db1e-15_ohscale1.0.input exists!
b= ['samuelod', 'samuelod', 'samuelod', 'samuelod', 'samuelod', 'samuelod', 'samuelod', 'samuelod', 'samuelod', 'samuelod', 'samuelod', 'samuelod', 'samuelod', 'samuelod', 'samuelod', 'samuelod', 'samuelod', 'samuelod', 'samuelod', 'samuelod']
njobs= 20
YES - 20220801_multi_vwl0_pwl1_nh315000.0_orgfn1_inorg1_db1e-15_ohscale2.0.input exists!
b= ['samuelod', 'samuelod', 'samuelod', 'samuelod', 'samuelod', 'samuelod', 'samuelod', 'samuelod', 'samuelod', 'samuelod', 'samuelod', 'samuelod', 'samuelod', 'samuelod', 'samuelod', 'samuelod', 'samuelod', 'samuelod', 'samuelod', 'samuelod']
njobs= 20
YES - 20220801_multi_vwl0_pwl1_nh315000.0_orgfn1_inorg0_db1e-15_ohscale0.5.input exists!
b= ['samuelod', 'samuelod', 'samuelod', 'samuelod', 'samuelod', 'samuelod', 'samuelod', 'samuelod', 'samuelod', 'samuelod', 'samuelod', 'samuelod', 'samuelod', 'samuelod', 'samuelod', 'samuelod', 'samuelod', 'samuelod', 'samuelod', 'samuelod']
njobs= 20
YES - 20220801_multi_vwl0_pwl1_nh315000.0_orgfn1_inorg0_db1e-15_ohscale1.0.input exists!
b= ['samuelod', 'samuelod', 'samuelod', 'samuelod', 'samuelod', 'samuelod', 'samuelod', 'samuelod', 'samuelod', 'samuelod', 'samuelod', 'samuelod', 'samuelod', 'samuelod', 'samuelod', 'samuelod', 'samuelod', 'samuelod', 'samuelod', 'samuelod']
njobs= 20
YES - 20220801_multi_vwl0_pwl1_nh315000.0_orgfn1_inorg0_db1e-15_ohscale2.0.input exists!
b= ['samuelod', 'samuelod', 'samuelod', 'samuelod', 'samuelod', 'samuelod', 'samuelod', 'samuelod', 'samuelod', 'samuelod', 'samuelod', 'samuelod', 'samuelod', 'samuelod', 'samuelod', 'samuelod', 'samuelod', 'samuelod', 'samuelod', 'samuelod']
njobs= 20
YES - 20220801_multi_vwl0_pwl1_nh315000.0_orgfn0_inorg1_db1e-15_ohscale0.5.input exists!
b= ['samuelod', 'samuelod', 'samuelod', 'samuelod', 'samuelod', 'samuelod', 'samuelod', 'samuelod', 'samuelod', 'samuelod', 'samuelod', 'samuelod', 'samuelod', 'samuelod', 'samuelod', 'samuelod', 'samuelod', 'samuelod', 'samuelod', 'samuelod']
njobs= 20
YES - 20220801_multi_vwl0_pwl1_nh315000.0_orgfn0_inorg1_db1e-15_ohscale1.0.input exists!
b= ['samuelod', 'samuelod', 'samuelod', 'samuelod', 'samuelod', 'samuelod', 'samuelod', 'samuelod', 'samuelod', 'samuelod', 'samuelod', 'samuelod', 'samuelod', 'samuelod', 'samuelod', 'samuelod', 'samuelod', 'samuelod', 'samuelod', 'samuelod']
njobs= 20
YES - 20220801_multi_vwl0_pwl1_nh315000.0_orgfn0_inorg1_db1e-15_ohscale2.0.input exists!
b= ['samuelod', 'samuelod', 'samuelod', 'samuelod', 'samuelod', 'samuelod', 'samuelod', 'samuelod', 'samuelod', 'samuelod', 'samuelod', 'samuelod', 'samuelod', 'samuelod', 'samuelod', 'samuelod', 'samuelod', 'samuelod', 'samuelod', 'samuelod']
njobs= 20
YES - 20220801_multi_vwl0_pwl1_nh315000.0_orgfn0_inorg0_db1e-15_ohscale0.5.input exists!
b= ['samuelod', 'samuelod', 'samuelod', 'samuelod', 'samuelod', 'samuelod', 'samuelod', 'samuelod', 'samuelod', 'samuelod', 'samuelod', 'samuelod', 'samuelod', 'samuelod', 'samuelod', 'samuelod', 'samuelod', 'samuelod', 'samuelod', 'samuelod']
njobs= 20
YES - 20220801_multi_vwl0_pwl1_nh315000.0_orgfn0_inorg0_db1e-15_ohscale1.0.input exists!
b= ['samuelod', 'samuelod', 'samuelod', 'samuelod', 'samuelod', 'samuelod', 'samuelod', 'samuelod', 'samuelod', 'samuelod', 'samuelod', 'samuelod']
njobs= 12
YES - 20220801_multi_vwl0_pwl1_nh315000.0_orgfn0_inorg0_db1e-15_ohscale2.0.input exists!
b= ['samuelod', 'samuelod', 'samuelod', 'samuelod', 'samuelod', 'samuelod', 'samuelod', 'samuelod', 'samuelod', 'samuelod', 'samuelod', 'samuelod', 'samuelod']
njobs= 13
YES - 20220801_multi_vwl1_pwl0_nh315000.0_orgfn1_inorg1_db1e-15_ohscale0.5.input exists!
b= ['samuelod', 'samuelod', 'samuelod', 'samuelod', 'samuelod', 'samuelod', 'samuelod', 'samuelod', 'samuelod', 'samuelod', 'samuelod', 'samuelod', 'samuelod', 'samuelod']
njobs= 14
YES - 20220801_multi_vwl1_pwl0_nh315000.0_orgfn1_inorg1_db1e-15_ohscale1.0.input exists!
b= ['samuelod', 'samuelod', 'samuelod', 'samuelod', 'samuelod', 'samuelod', 'samuelod', 'samuelod', 'samuelod', 'samuelod', 'samuelod', 'samuelod', 'samuelod', 'samuelod', 'samuelod']
njobs= 15
YES - 20220801_multi_vwl1_pwl0_nh315000.0_orgfn1_inorg1_db1e-15_ohscale2.0.input exists!
b= ['samuelod', 'samuelod', 'samuelod', 'samuelod', 'samuelod', 'samuelod', 'samuelod', 'samuelod', 'samuelod', 'samuelod', 'samuelod', 'samuelod', 'samuelod', 'samuelod', 'samuelod', 'samuelod']
njobs= 16
YES - 20220801_multi_vwl1_pwl0_nh315000.0_orgfn1_inorg0_db1e-15_ohscale0.5.input exists!
b= ['samuelod', 'samuelod', 'samuelod', 'samuelod', 'samuelod', 'samuelod', 'samuelod', 'samuelod', 'samuelod', 'samuelod', 'samuelod', 'samuelod', 'samuelod', 'samuelod', 'samuelod', 'samuelod', 'samuelod']
njobs= 17
YES - 20220801_multi_vwl1_pwl0_nh315000.0_orgfn1_inorg0_db1e-15_ohscale1.0.input exists!
b= ['samuelod', 'samuelod', 'samuelod', 'samuelod', 'samuelod', 'samuelod', 'samuelod', 'samuelod', 'samuelod', 'samuelod', 'samuelod', 'samuelod', 'samuelod', 'samuelod', 'samuelod', 'samuelod', 'samuelod', 'samuelod']
njobs= 18
YES - 20220801_multi_vwl1_pwl0_nh315000.0_orgfn1_inorg0_db1e-15_ohscale2.0.input exists!
b= ['samuelod', 'samuelod', 'samuelod', 'samuelod', 'samuelod', 'samuelod', 'samuelod', 'samuelod', 'samuelod', 'samuelod', 'samuelod', 'samuelod', 'samuelod', 'samuelod', 'samuelod', 'samuelod', 'samuelod', 'samuelod', 'samuelod', 'samuelod']
njobs= 20
YES - 20220801_multi_vwl1_pwl0_nh315000.0_orgfn0_inorg1_db1e-15_ohscale0.5.input exists!
b= ['samuelod', 'samuelod', 'samuelod', 'samuelod', 'samuelod', 'samuelod', 'samuelod', 'samuelod', 'samuelod', 'samuelod', 'samuelod', 'samuelod', 'samuelod', 'samuelod', 'samuelod', 'samuelod', 'samuelod', 'samuelod', 'samuelod', 'samuelod']
njobs= 20
YES - 20220801_multi_vwl1_pwl0_nh315000.0_orgfn0_inorg1_db1e-15_ohscale1.0.input exists!
b= ['samuelod', 'samuelod', 'samuelod', 'samuelod', 'samuelod', 'samuelod', 'samuelod', 'samuelod', 'samuelod', 'samuelod', 'samuelod', 'samuelod', 'samuelod', 'samuelod', 'samuelod', 'samuelod', 'samuelod', 'samuelod', 'samuelod', 'samuelod']
njobs= 20
YES - 20220801_multi_vwl1_pwl0_nh315000.0_orgfn0_inorg1_db1e-15_ohscale2.0.input exists!
b= ['samuelod', 'samuelod', 'samuelod', 'samuelod', 'samuelod', 'samuelod', 'samuelod', 'samuelod', 'samuelod', 'samuelod', 'samuelod', 'samuelod', 'samuelod', 'samuelod', 'samuelod', 'samuelod', 'samuelod', 'samuelod', 'samuelod', 'samuelod']
njobs= 20
YES - 20220801_multi_vwl1_pwl0_nh315000.0_orgfn0_inorg0_db1e-15_ohscale0.5.input exists!
b= ['samuelod', 'samuelod', 'samuelod', 'samuelod', 'samuelod', 'samuelod', 'samuelod', 'samuelod', 'samuelod', 'samuelod', 'samuelod', 'samuelod', 'samuelod', 'samuelod', 'samuelod', 'samuelod', 'samuelod', 'samuelod', 'samuelod', 'samuelod']
njobs= 20
YES - 20220801_multi_vwl1_pwl0_nh315000.0_orgfn0_inorg0_db1e-15_ohscale1.0.input exists!
b= ['samuelod', 'samuelod', 'samuelod', 'samuelod', 'samuelod', 'samuelod', 'samuelod', 'samuelod', 'samuelod', 'samuelod', 'samuelod', 'samuelod', 'samuelod', 'samuelod', 'samuelod', 'samuelod', 'samuelod', 'samuelod', 'samuelod', 'samuelod']
njobs= 20
YES - 20220801_multi_vwl1_pwl0_nh315000.0_orgfn0_inorg0_db1e-15_ohscale2.0.input exists!
b= ['samuelod', 'samuelod', 'samuelod', 'samuelod', 'samuelod', 'samuelod', 'samuelod', 'samuelod', 'samuelod', 'samuelod', 'samuelod', 'samuelod', 'samuelod', 'samuelod', 'samuelod', 'samuelod', 'samuelod', 'samuelod', 'samuelod', 'samuelod']
njobs= 20
YES - 20220801_multi_vwl0_pwl0_nh315000.0_orgfn1_inorg1_db1e-15_ohscale0.5.input exists!
b= ['samuelod', 'samuelod', 'samuelod', 'samuelod', 'samuelod', 'samuelod', 'samuelod', 'samuelod', 'samuelod', 'samuelod', 'samuelod', 'samuelod', 'samuelod', 'samuelod', 'samuelod', 'samuelod', 'samuelod', 'samuelod', 'samuelod', 'samuelod']
njobs= 20
YES - 20220801_multi_vwl0_pwl0_nh315000.0_orgfn1_inorg1_db1e-15_ohscale1.0.input exists!
b= ['samuelod', 'samuelod', 'samuelod', 'samuelod', 'samuelod', 'samuelod', 'samuelod', 'samuelod', 'samuelod', 'samuelod', 'samuelod', 'samuelod', 'samuelod', 'samuelod', 'samuelod', 'samuelod', 'samuelod', 'samuelod', 'samuelod', 'samuelod']
njobs= 20
YES - 20220801_multi_vwl0_pwl0_nh315000.0_orgfn1_inorg1_db1e-15_ohscale2.0.input exists!
b= ['samuelod', 'samuelod', 'samuelod', 'samuelod', 'samuelod', 'samuelod', 'samuelod', 'samuelod', 'samuelod', 'samuelod', 'samuelod', 'samuelod', 'samuelod', 'samuelod', 'samuelod', 'samuelod', 'samuelod', 'samuelod', 'samuelod', 'samuelod']
njobs= 20
YES - 20220801_multi_vwl0_pwl0_nh315000.0_orgfn1_inorg0_db1e-15_ohscale0.5.input exists!
b= ['samuelod', 'samuelod', 'samuelod', 'samuelod', 'samuelod', 'samuelod', 'samuelod', 'samuelod', 'samuelod', 'samuelod', 'samuelod', 'samuelod']
njobs= 12
YES - 20220801_multi_vwl0_pwl0_nh315000.0_orgfn1_inorg0_db1e-15_ohscale1.0.input exists!
b= ['samuelod', 'samuelod', 'samuelod', 'samuelod', 'samuelod', 'samuelod', 'samuelod', 'samuelod', 'samuelod', 'samuelod', 'samuelod', 'samuelod', 'samuelod']
njobs= 13
YES - 20220801_multi_vwl0_pwl0_nh315000.0_orgfn1_inorg0_db1e-15_ohscale2.0.input exists!
b= ['samuelod', 'samuelod', 'samuelod', 'samuelod', 'samuelod', 'samuelod', 'samuelod', 'samuelod', 'samuelod', 'samuelod', 'samuelod', 'samuelod', 'samuelod', 'samuelod']
njobs= 14
YES - 20220801_multi_vwl0_pwl0_nh315000.0_orgfn0_inorg1_db1e-15_ohscale0.5.input exists!
b= ['samuelod', 'samuelod', 'samuelod', 'samuelod', 'samuelod', 'samuelod', 'samuelod', 'samuelod', 'samuelod', 'samuelod', 'samuelod', 'samuelod', 'samuelod', 'samuelod', 'samuelod']
njobs= 15
YES - 20220801_multi_vwl0_pwl0_nh315000.0_orgfn0_inorg1_db1e-15_ohscale1.0.input exists!
b= ['samuelod', 'samuelod', 'samuelod', 'samuelod', 'samuelod', 'samuelod', 'samuelod', 'samuelod', 'samuelod', 'samuelod', 'samuelod', 'samuelod', 'samuelod', 'samuelod', 'samuelod', 'samuelod']
njobs= 16
YES - 20220801_multi_vwl0_pwl0_nh315000.0_orgfn0_inorg1_db1e-15_ohscale2.0.input exists!
b= ['samuelod', 'samuelod', 'samuelod', 'samuelod', 'samuelod', 'samuelod', 'samuelod', 'samuelod', 'samuelod', 'samuelod', 'samuelod', 'samuelod', 'samuelod', 'samuelod', 'samuelod', 'samuelod', 'samuelod']
njobs= 17
YES - 20220801_multi_vwl0_pwl0_nh315000.0_orgfn0_inorg0_db1e-15_ohscale0.5.input exists!
b= ['samuelod', 'samuelod', 'samuelod', 'samuelod', 'samuelod', 'samuelod', 'samuelod', 'samuelod', 'samuelod', 'samuelod', 'samuelod', 'samuelod', 'samuelod', 'samuelod', 'samuelod', 'samuelod', 'samuelod', 'samuelod']
njobs= 18
YES - 20220801_multi_vwl0_pwl0_nh315000.0_orgfn0_inorg0_db1e-15_ohscale1.0.input exists!
b= ['samuelod', 'samuelod', 'samuelod', 'samuelod', 'samuelod', 'samuelod', 'samuelod', 'samuelod', 'samuelod', 'samuelod', 'samuelod', 'samuelod', 'samuelod', 'samuelod', 'samuelod', 'samuelod', 'samuelod', 'samuelod', 'samuelod']
njobs= 19
YES - 20220801_multi_vwl0_pwl0_nh315000.0_orgfn0_inorg0_db1e-15_ohscale2.0.input exists!
b= ['samuelod', 'samuelod', 'samuelod', 'samuelod', 'samuelod', 'samuelod', 'samuelod', 'samuelod', 'samuelod', 'samuelod', 'samuelod', 'samuelod', 'samuelod', 'samuelod', 'samuelod', 'samuelod', 'samuelod', 'samuelod', 'samuelod', 'samuelod']
njobs= 20
